Determining if the pthread_create exist failed with the following output:
Change Dir: /home/jzhang102/Documents/humanoid_proj/ros_ws/build/CMakeFiles/CMakeTmp

Run Build Command:"/usr/bin/make" "cmTC_8c277/fast"
/usr/bin/make -f CMakeFiles/cmTC_8c277.dir/build.make CMakeFiles/cmTC_8c277.dir/build
make[1]: Entering directory '/home/jzhang102/Documents/humanoid_proj/ros_ws/build/CMakeFiles/CMakeTmp'
Building C object CMakeFiles/cmTC_8c277.dir/CheckSymbolExists.c.o
/usr/bin/cc     -o CMakeFiles/cmTC_8c277.dir/CheckSymbolExists.c.o   -c /home/jzhang102/Documents/humanoid_proj/ros_ws/build/CMakeFiles/CMakeTmp/CheckSymbolExists.c
Linking C executable cmTC_8c277
/usr/bin/cmake -E cmake_link_script CMakeFiles/cmTC_8c277.dir/link.txt --verbose=1
/usr/bin/cc       CMakeFiles/cmTC_8c277.dir/CheckSymbolExists.c.o  -o cmTC_8c277 -rdynamic 
CMakeFiles/cmTC_8c277.dir/CheckSymbolExists.c.o: In function `main':
CheckSymbolExists.c:(.text+0x16): undefined reference to `pthread_create'
collect2: error: ld returned 1 exit status
CMakeFiles/cmTC_8c277.dir/build.make:97: recipe for target 'cmTC_8c277' failed
make[1]: *** [cmTC_8c277] Error 1
make[1]: Leaving directory '/home/jzhang102/Documents/humanoid_proj/ros_ws/build/CMakeFiles/CMakeTmp'
Makefile:126: recipe for target 'cmTC_8c277/fast' failed
make: *** [cmTC_8c277/fast] Error 2

File /home/jzhang102/Documents/humanoid_proj/ros_ws/build/CMakeFiles/CMakeTmp/CheckSymbolExists.c:
/* */
#include <pthread.h>

int main(int argc, char** argv)
{
  (void)argv;
#ifndef pthread_create
  return ((int*)(&pthread_create))[argc];
#else
  (void)argc;
  return 0;
#endif
}

Determining if the function pthread_create exists in the pthreads failed with the following output:
Change Dir: /home/jzhang102/Documents/humanoid_proj/ros_ws/build/CMakeFiles/CMakeTmp

Run Build Command:"/usr/bin/make" "cmTC_9bfbe/fast"
/usr/bin/make -f CMakeFiles/cmTC_9bfbe.dir/build.make CMakeFiles/cmTC_9bfbe.dir/build
make[1]: Entering directory '/home/jzhang102/Documents/humanoid_proj/ros_ws/build/CMakeFiles/CMakeTmp'
Building C object CMakeFiles/cmTC_9bfbe.dir/CheckFunctionExists.c.o
/usr/bin/cc    -DCHECK_FUNCTION_EXISTS=pthread_create   -o CMakeFiles/cmTC_9bfbe.dir/CheckFunctionExists.c.o   -c /usr/share/cmake-3.5/Modules/CheckFunctionExists.c
Linking C executable cmTC_9bfbe
/usr/bin/cmake -E cmake_link_script CMakeFiles/cmTC_9bfbe.dir/link.txt --verbose=1
/usr/bin/cc   -DCHECK_FUNCTION_EXISTS=pthread_create    CMakeFiles/cmTC_9bfbe.dir/CheckFunctionExists.c.o  -o cmTC_9bfbe -rdynamic -lpthreads 
/usr/bin/ld: cannot find -lpthreads
collect2: error: ld returned 1 exit status
CMakeFiles/cmTC_9bfbe.dir/build.make:97: recipe for target 'cmTC_9bfbe' failed
make[1]: *** [cmTC_9bfbe] Error 1
make[1]: Leaving directory '/home/jzhang102/Documents/humanoid_proj/ros_ws/build/CMakeFiles/CMakeTmp'
Makefile:126: recipe for target 'cmTC_9bfbe/fast' failed
make: *** [cmTC_9bfbe/fast] Error 2


